2016-01-07 03:08:18 [127.0.0.1][-][-][warning][yii\log\Dispatcher::dispatch] Unable to send log via yii\debug\LogTarget: Exception (Invalid Configuration) 'yii\base\InvalidConfigException' with message 'The directory does not exist: /var/www/yii2-advanced-api/api/web/assets' 

in /home/dennis/Yii2-Project/yii2-advanced-api/vendor/yiisoft/yii2/web/AssetManager.php:211

Stack trace:
#0 /home/dennis/Yii2-Project/yii2-advanced-api/vendor/yiisoft/yii2/base/Object.php(107): yii\web\AssetManager->init()
#1 [internal function]: yii\base\Object->__construct(Array)
#2 /home/dennis/Yii2-Project/yii2-advanced-api/vendor/yiisoft/yii2/di/Container.php(366): ReflectionClass->newInstanceArgs(Array)
#3 /home/dennis/Yii2-Project/yii2-advanced-api/vendor/yiisoft/yii2/di/Container.php(151): yii\di\Container->build('yii\\web\\AssetMa...', Array, Array)
#4 /home/dennis/Yii2-Project/yii2-advanced-api/vendor/yiisoft/yii2/BaseYii.php(344): yii\di\Container->get('yii\\web\\AssetMa...', Array, Array)
#5 /home/dennis/Yii2-Project/yii2-advanced-api/vendor/yiisoft/yii2/di/ServiceLocator.php(133): yii\BaseYii::createObject(Array)
#6 /home/dennis/Yii2-Project/yii2-advanced-api/vendor/yiisoft/yii2/base/Application.php(600): yii\di\ServiceLocator->get('assetManager')
#7 /home/dennis/Yii2-Project/yii2-advanced-api/vendor/yiisoft/yii2/web/View.php(223): yii\base\Application->getAssetManager()
#8 /home/dennis/Yii2-Project/yii2-advanced-api/vendor/yiisoft/yii2/base/Component.php(130): yii\web\View->getAssetManager()
#9 /home/dennis/Yii2-Project/yii2-advanced-api/vendor/yiisoft/yii2-debug/panels/AssetPanel.php(53): yii\base\Component->__get('assetManager')
#10 /home/dennis/Yii2-Project/yii2-advanced-api/vendor/yiisoft/yii2-debug/LogTarget.php(54): yii\debug\panels\AssetPanel->save()
#11 /home/dennis/Yii2-Project/yii2-advanced-api/vendor/yiisoft/yii2-debug/LogTarget.php(111): yii\debug\LogTarget->export()
#12 /home/dennis/Yii2-Project/yii2-advanced-api/vendor/yiisoft/yii2/log/Dispatcher.php(183): yii\debug\LogTarget->collect(Array, true)
#13 /home/dennis/Yii2-Project/yii2-advanced-api/vendor/yiisoft/yii2/log/Logger.php(173): yii\log\Dispatcher->dispatch(Array, true)
#14 [internal function]: yii\log\Logger->flush(true)
#15 {main}
2016-01-07 03:08:18 [127.0.0.1][-][-][info][application] $_COOKIE = [
    '__atuvc' => '1|50'
    '_ga' => 'GA1.1.1116168699.1451960796'
]

$_SERVER = [
    'REDIRECT_STATUS' => '200'
    'HTTP_HOST' => 'localhost'
    'HTTP_USER_AGENT' => 'Mozilla/5.0 (X11; Ubuntu; Linux x86_64; rv:40.0) Gecko/20100101 Firefox/40.0'
    'HTTP_ACCEPT' => 'text/html,application/xhtml+xml,application/xml;q=0.9,*/*;q=0.8'
    'HTTP_ACCEPT_LANGUAGE' => 'en-US,en;q=0.5'
    'HTTP_ACCEPT_ENCODING' => 'gzip, deflate'
    'HTTP_COOKIE' => '__atuvc=1%7C50; _ga=GA1.1.1116168699.1451960796'
    'HTTP_CONNECTION' => 'keep-alive'
    'HTTP_CACHE_CONTROL' => 'max-age=0'
    'PATH' => '/usr/local/sbin:/usr/local/bin:/usr/sbin:/usr/bin:/sbin:/bin'
    'SERVER_SIGNATURE' => '<address>Apache/2.4.16 (Ubuntu) Server at localhost Port 80</address>
'
    'SERVER_SOFTWARE' => 'Apache/2.4.16 (Ubuntu)'
    'SERVER_NAME' => 'localhost'
    'SERVER_ADDR' => '127.0.0.1'
    'SERVER_PORT' => '80'
    'REMOTE_ADDR' => '127.0.0.1'
    'DOCUMENT_ROOT' => '/var/www'
    'REQUEST_SCHEME' => 'http'
    'CONTEXT_PREFIX' => ''
    'CONTEXT_DOCUMENT_ROOT' => '/var/www'
    'SERVER_ADMIN' => 'webmaster@localhost'
    'SCRIPT_FILENAME' => '/var/www/yii2-advanced-api/api/web/index.php'
    'REMOTE_PORT' => '57462'
    'REDIRECT_URL' => '/yii2-advanced-api/api/web/v1/users'
    'GATEWAY_INTERFACE' => 'CGI/1.1'
    'SERVER_PROTOCOL' => 'HTTP/1.1'
    'REQUEST_METHOD' => 'GET'
    'QUERY_STRING' => ''
    'REQUEST_URI' => '/yii2-advanced-api/api/web/v1/users'
    'SCRIPT_NAME' => '/yii2-advanced-api/api/web/index.php'
    'PHP_SELF' => '/yii2-advanced-api/api/web/index.php'
    'REQUEST_TIME_FLOAT' => 1452136098.106
    'REQUEST_TIME' => 1452136098
]
2016-01-07 03:08:18 [127.0.0.1][-][-][warning][yii\log\Dispatcher::dispatch] Unable to send log via yii\debug\LogTarget: Exception (Invalid Configuration) 'yii\base\InvalidConfigException' with message 'The directory does not exist: /var/www/yii2-advanced-api/api/web/assets' 

in /home/dennis/Yii2-Project/yii2-advanced-api/vendor/yiisoft/yii2/web/AssetManager.php:211

Stack trace:
#0 /home/dennis/Yii2-Project/yii2-advanced-api/vendor/yiisoft/yii2/base/Object.php(107): yii\web\AssetManager->init()
#1 [internal function]: yii\base\Object->__construct(Array)
#2 /home/dennis/Yii2-Project/yii2-advanced-api/vendor/yiisoft/yii2/di/Container.php(366): ReflectionClass->newInstanceArgs(Array)
#3 /home/dennis/Yii2-Project/yii2-advanced-api/vendor/yiisoft/yii2/di/Container.php(151): yii\di\Container->build('yii\\web\\AssetMa...', Array, Array)
#4 /home/dennis/Yii2-Project/yii2-advanced-api/vendor/yiisoft/yii2/BaseYii.php(344): yii\di\Container->get('yii\\web\\AssetMa...', Array, Array)
#5 /home/dennis/Yii2-Project/yii2-advanced-api/vendor/yiisoft/yii2/di/ServiceLocator.php(133): yii\BaseYii::createObject(Array)
#6 /home/dennis/Yii2-Project/yii2-advanced-api/vendor/yiisoft/yii2/base/Application.php(600): yii\di\ServiceLocator->get('assetManager')
#7 /home/dennis/Yii2-Project/yii2-advanced-api/vendor/yiisoft/yii2/web/View.php(223): yii\base\Application->getAssetManager()
#8 /home/dennis/Yii2-Project/yii2-advanced-api/vendor/yiisoft/yii2/base/Component.php(130): yii\web\View->getAssetManager()
#9 /home/dennis/Yii2-Project/yii2-advanced-api/vendor/yiisoft/yii2-debug/panels/AssetPanel.php(53): yii\base\Component->__get('assetManager')
#10 /home/dennis/Yii2-Project/yii2-advanced-api/vendor/yiisoft/yii2-debug/LogTarget.php(54): yii\debug\panels\AssetPanel->save()
#11 /home/dennis/Yii2-Project/yii2-advanced-api/vendor/yiisoft/yii2-debug/LogTarget.php(111): yii\debug\LogTarget->export()
#12 /home/dennis/Yii2-Project/yii2-advanced-api/vendor/yiisoft/yii2/log/Dispatcher.php(183): yii\debug\LogTarget->collect(Array, true)
#13 /home/dennis/Yii2-Project/yii2-advanced-api/vendor/yiisoft/yii2/log/Logger.php(173): yii\log\Dispatcher->dispatch(Array, true)
#14 [internal function]: yii\log\Logger->flush(true)
#15 {main}
2016-01-07 03:08:18 [127.0.0.1][-][-][info][application] $_COOKIE = [
    '__atuvc' => '1|50'
    '_ga' => 'GA1.1.1116168699.1451960796'
]

$_SERVER = [
    'REDIRECT_STATUS' => '200'
    'HTTP_HOST' => 'localhost'
    'HTTP_USER_AGENT' => 'Mozilla/5.0 (X11; Ubuntu; Linux x86_64; rv:40.0) Gecko/20100101 Firefox/40.0'
    'HTTP_ACCEPT' => 'text/html,application/xhtml+xml,application/xml;q=0.9,*/*;q=0.8'
    'HTTP_ACCEPT_LANGUAGE' => 'en-US,en;q=0.5'
    'HTTP_ACCEPT_ENCODING' => 'gzip, deflate'
    'HTTP_COOKIE' => '__atuvc=1%7C50; _ga=GA1.1.1116168699.1451960796'
    'HTTP_CONNECTION' => 'keep-alive'
    'HTTP_CACHE_CONTROL' => 'max-age=0'
    'PATH' => '/usr/local/sbin:/usr/local/bin:/usr/sbin:/usr/bin:/sbin:/bin'
    'SERVER_SIGNATURE' => '<address>Apache/2.4.16 (Ubuntu) Server at localhost Port 80</address>
'
    'SERVER_SOFTWARE' => 'Apache/2.4.16 (Ubuntu)'
    'SERVER_NAME' => 'localhost'
    'SERVER_ADDR' => '127.0.0.1'
    'SERVER_PORT' => '80'
    'REMOTE_ADDR' => '127.0.0.1'
    'DOCUMENT_ROOT' => '/var/www'
    'REQUEST_SCHEME' => 'http'
    'CONTEXT_PREFIX' => ''
    'CONTEXT_DOCUMENT_ROOT' => '/var/www'
    'SERVER_ADMIN' => 'webmaster@localhost'
    'SCRIPT_FILENAME' => '/var/www/yii2-advanced-api/api/web/index.php'
    'REMOTE_PORT' => '57462'
    'REDIRECT_URL' => '/yii2-advanced-api/api/web/v1/users'
    'GATEWAY_INTERFACE' => 'CGI/1.1'
    'SERVER_PROTOCOL' => 'HTTP/1.1'
    'REQUEST_METHOD' => 'GET'
    'QUERY_STRING' => ''
    'REQUEST_URI' => '/yii2-advanced-api/api/web/v1/users'
    'SCRIPT_NAME' => '/yii2-advanced-api/api/web/index.php'
    'PHP_SELF' => '/yii2-advanced-api/api/web/index.php'
    'REQUEST_TIME_FLOAT' => 1452136098.926
    'REQUEST_TIME' => 1452136098
]
2016-01-07 03:08:19 [127.0.0.1][-][-][warning][yii\log\Dispatcher::dispatch] Unable to send log via yii\debug\LogTarget: Exception (Invalid Configuration) 'yii\base\InvalidConfigException' with message 'The directory does not exist: /var/www/yii2-advanced-api/api/web/assets' 

in /home/dennis/Yii2-Project/yii2-advanced-api/vendor/yiisoft/yii2/web/AssetManager.php:211

Stack trace:
#0 /home/dennis/Yii2-Project/yii2-advanced-api/vendor/yiisoft/yii2/base/Object.php(107): yii\web\AssetManager->init()
#1 [internal function]: yii\base\Object->__construct(Array)
#2 /home/dennis/Yii2-Project/yii2-advanced-api/vendor/yiisoft/yii2/di/Container.php(366): ReflectionClass->newInstanceArgs(Array)
#3 /home/dennis/Yii2-Project/yii2-advanced-api/vendor/yiisoft/yii2/di/Container.php(151): yii\di\Container->build('yii\\web\\AssetMa...', Array, Array)
#4 /home/dennis/Yii2-Project/yii2-advanced-api/vendor/yiisoft/yii2/BaseYii.php(344): yii\di\Container->get('yii\\web\\AssetMa...', Array, Array)
#5 /home/dennis/Yii2-Project/yii2-advanced-api/vendor/yiisoft/yii2/di/ServiceLocator.php(133): yii\BaseYii::createObject(Array)
#6 /home/dennis/Yii2-Project/yii2-advanced-api/vendor/yiisoft/yii2/base/Application.php(600): yii\di\ServiceLocator->get('assetManager')
#7 /home/dennis/Yii2-Project/yii2-advanced-api/vendor/yiisoft/yii2/web/View.php(223): yii\base\Application->getAssetManager()
#8 /home/dennis/Yii2-Project/yii2-advanced-api/vendor/yiisoft/yii2/base/Component.php(130): yii\web\View->getAssetManager()
#9 /home/dennis/Yii2-Project/yii2-advanced-api/vendor/yiisoft/yii2-debug/panels/AssetPanel.php(53): yii\base\Component->__get('assetManager')
#10 /home/dennis/Yii2-Project/yii2-advanced-api/vendor/yiisoft/yii2-debug/LogTarget.php(54): yii\debug\panels\AssetPanel->save()
#11 /home/dennis/Yii2-Project/yii2-advanced-api/vendor/yiisoft/yii2-debug/LogTarget.php(111): yii\debug\LogTarget->export()
#12 /home/dennis/Yii2-Project/yii2-advanced-api/vendor/yiisoft/yii2/log/Dispatcher.php(183): yii\debug\LogTarget->collect(Array, true)
#13 /home/dennis/Yii2-Project/yii2-advanced-api/vendor/yiisoft/yii2/log/Logger.php(173): yii\log\Dispatcher->dispatch(Array, true)
#14 [internal function]: yii\log\Logger->flush(true)
#15 {main}
2016-01-07 03:08:19 [127.0.0.1][-][-][info][application] $_COOKIE = [
    '__atuvc' => '1|50'
    '_ga' => 'GA1.1.1116168699.1451960796'
]

$_SERVER = [
    'REDIRECT_STATUS' => '200'
    'HTTP_HOST' => 'localhost'
    'HTTP_USER_AGENT' => 'Mozilla/5.0 (X11; Ubuntu; Linux x86_64; rv:40.0) Gecko/20100101 Firefox/40.0'
    'HTTP_ACCEPT' => 'text/html,application/xhtml+xml,application/xml;q=0.9,*/*;q=0.8'
    'HTTP_ACCEPT_LANGUAGE' => 'en-US,en;q=0.5'
    'HTTP_ACCEPT_ENCODING' => 'gzip, deflate'
    'HTTP_COOKIE' => '__atuvc=1%7C50; _ga=GA1.1.1116168699.1451960796'
    'HTTP_CONNECTION' => 'keep-alive'
    'HTTP_CACHE_CONTROL' => 'max-age=0'
    'PATH' => '/usr/local/sbin:/usr/local/bin:/usr/sbin:/usr/bin:/sbin:/bin'
    'SERVER_SIGNATURE' => '<address>Apache/2.4.16 (Ubuntu) Server at localhost Port 80</address>
'
    'SERVER_SOFTWARE' => 'Apache/2.4.16 (Ubuntu)'
    'SERVER_NAME' => 'localhost'
    'SERVER_ADDR' => '127.0.0.1'
    'SERVER_PORT' => '80'
    'REMOTE_ADDR' => '127.0.0.1'
    'DOCUMENT_ROOT' => '/var/www'
    'REQUEST_SCHEME' => 'http'
    'CONTEXT_PREFIX' => ''
    'CONTEXT_DOCUMENT_ROOT' => '/var/www'
    'SERVER_ADMIN' => 'webmaster@localhost'
    'SCRIPT_FILENAME' => '/var/www/yii2-advanced-api/api/web/index.php'
    'REMOTE_PORT' => '57462'
    'REDIRECT_URL' => '/yii2-advanced-api/api/web/v1/users'
    'GATEWAY_INTERFACE' => 'CGI/1.1'
    'SERVER_PROTOCOL' => 'HTTP/1.1'
    'REQUEST_METHOD' => 'GET'
    'QUERY_STRING' => ''
    'REQUEST_URI' => '/yii2-advanced-api/api/web/v1/users'
    'SCRIPT_NAME' => '/yii2-advanced-api/api/web/index.php'
    'PHP_SELF' => '/yii2-advanced-api/api/web/index.php'
    'REQUEST_TIME_FLOAT' => 1452136099.265
    'REQUEST_TIME' => 1452136099
]
2016-01-07 03:08:37 [127.0.0.1][-][-][warning][yii\log\Dispatcher::dispatch] Unable to send log via yii\debug\LogTarget: Exception (Invalid Configuration) 'yii\base\InvalidConfigException' with message 'The directory does not exist: /var/www/yii2-advanced-api/api/web/assets' 

in /home/dennis/Yii2-Project/yii2-advanced-api/vendor/yiisoft/yii2/web/AssetManager.php:211

Stack trace:
#0 /home/dennis/Yii2-Project/yii2-advanced-api/vendor/yiisoft/yii2/base/Object.php(107): yii\web\AssetManager->init()
#1 [internal function]: yii\base\Object->__construct(Array)
#2 /home/dennis/Yii2-Project/yii2-advanced-api/vendor/yiisoft/yii2/di/Container.php(366): ReflectionClass->newInstanceArgs(Array)
#3 /home/dennis/Yii2-Project/yii2-advanced-api/vendor/yiisoft/yii2/di/Container.php(151): yii\di\Container->build('yii\\web\\AssetMa...', Array, Array)
#4 /home/dennis/Yii2-Project/yii2-advanced-api/vendor/yiisoft/yii2/BaseYii.php(344): yii\di\Container->get('yii\\web\\AssetMa...', Array, Array)
#5 /home/dennis/Yii2-Project/yii2-advanced-api/vendor/yiisoft/yii2/di/ServiceLocator.php(133): yii\BaseYii::createObject(Array)
#6 /home/dennis/Yii2-Project/yii2-advanced-api/vendor/yiisoft/yii2/base/Application.php(600): yii\di\ServiceLocator->get('assetManager')
#7 /home/dennis/Yii2-Project/yii2-advanced-api/vendor/yiisoft/yii2/web/View.php(223): yii\base\Application->getAssetManager()
#8 /home/dennis/Yii2-Project/yii2-advanced-api/vendor/yiisoft/yii2/base/Component.php(130): yii\web\View->getAssetManager()
#9 /home/dennis/Yii2-Project/yii2-advanced-api/vendor/yiisoft/yii2-debug/panels/AssetPanel.php(53): yii\base\Component->__get('assetManager')
#10 /home/dennis/Yii2-Project/yii2-advanced-api/vendor/yiisoft/yii2-debug/LogTarget.php(54): yii\debug\panels\AssetPanel->save()
#11 /home/dennis/Yii2-Project/yii2-advanced-api/vendor/yiisoft/yii2-debug/LogTarget.php(111): yii\debug\LogTarget->export()
#12 /home/dennis/Yii2-Project/yii2-advanced-api/vendor/yiisoft/yii2/log/Dispatcher.php(183): yii\debug\LogTarget->collect(Array, true)
#13 /home/dennis/Yii2-Project/yii2-advanced-api/vendor/yiisoft/yii2/log/Logger.php(173): yii\log\Dispatcher->dispatch(Array, true)
#14 [internal function]: yii\log\Logger->flush(true)
#15 {main}
2016-01-07 03:08:37 [127.0.0.1][-][-][info][application] $_COOKIE = [
    '__atuvc' => '1|50'
    '_ga' => 'GA1.1.1116168699.1451960796'
]

$_SERVER = [
    'REDIRECT_STATUS' => '200'
    'HTTP_HOST' => 'localhost'
    'HTTP_USER_AGENT' => 'Mozilla/5.0 (X11; Ubuntu; Linux x86_64; rv:40.0) Gecko/20100101 Firefox/40.0'
    'HTTP_ACCEPT' => 'text/html,application/xhtml+xml,application/xml;q=0.9,*/*;q=0.8'
    'HTTP_ACCEPT_LANGUAGE' => 'en-US,en;q=0.5'
    'HTTP_ACCEPT_ENCODING' => 'gzip, deflate'
    'HTTP_COOKIE' => '__atuvc=1%7C50; _ga=GA1.1.1116168699.1451960796'
    'HTTP_CONNECTION' => 'keep-alive'
    'HTTP_CACHE_CONTROL' => 'max-age=0'
    'PATH' => '/usr/local/sbin:/usr/local/bin:/usr/sbin:/usr/bin:/sbin:/bin'
    'SERVER_SIGNATURE' => '<address>Apache/2.4.16 (Ubuntu) Server at localhost Port 80</address>
'
    'SERVER_SOFTWARE' => 'Apache/2.4.16 (Ubuntu)'
    'SERVER_NAME' => 'localhost'
    'SERVER_ADDR' => '127.0.0.1'
    'SERVER_PORT' => '80'
    'REMOTE_ADDR' => '127.0.0.1'
    'DOCUMENT_ROOT' => '/var/www'
    'REQUEST_SCHEME' => 'http'
    'CONTEXT_PREFIX' => ''
    'CONTEXT_DOCUMENT_ROOT' => '/var/www'
    'SERVER_ADMIN' => 'webmaster@localhost'
    'SCRIPT_FILENAME' => '/var/www/yii2-advanced-api/api/web/index.php'
    'REMOTE_PORT' => '57463'
    'REDIRECT_URL' => '/yii2-advanced-api/api/web/v1/users'
    'GATEWAY_INTERFACE' => 'CGI/1.1'
    'SERVER_PROTOCOL' => 'HTTP/1.1'
    'REQUEST_METHOD' => 'GET'
    'QUERY_STRING' => ''
    'REQUEST_URI' => '/yii2-advanced-api/api/web/v1/users'
    'SCRIPT_NAME' => '/yii2-advanced-api/api/web/index.php'
    'PHP_SELF' => '/yii2-advanced-api/api/web/index.php'
    'REQUEST_TIME_FLOAT' => 1452136117.694
    'REQUEST_TIME' => 1452136117
]
2016-01-07 03:50:11 [127.0.0.1][-][-][warning][yii\log\Dispatcher::dispatch] Unable to send log via yii\debug\LogTarget: Exception (Invalid Configuration) 'yii\base\InvalidConfigException' with message 'The directory does not exist: /var/www/yii2-advanced-api/api/web/assets' 

in /home/dennis/Yii2-Project/yii2-advanced-api/vendor/yiisoft/yii2/web/AssetManager.php:211

Stack trace:
#0 /home/dennis/Yii2-Project/yii2-advanced-api/vendor/yiisoft/yii2/base/Object.php(107): yii\web\AssetManager->init()
#1 [internal function]: yii\base\Object->__construct(Array)
#2 /home/dennis/Yii2-Project/yii2-advanced-api/vendor/yiisoft/yii2/di/Container.php(366): ReflectionClass->newInstanceArgs(Array)
#3 /home/dennis/Yii2-Project/yii2-advanced-api/vendor/yiisoft/yii2/di/Container.php(151): yii\di\Container->build('yii\\web\\AssetMa...', Array, Array)
#4 /home/dennis/Yii2-Project/yii2-advanced-api/vendor/yiisoft/yii2/BaseYii.php(344): yii\di\Container->get('yii\\web\\AssetMa...', Array, Array)
#5 /home/dennis/Yii2-Project/yii2-advanced-api/vendor/yiisoft/yii2/di/ServiceLocator.php(133): yii\BaseYii::createObject(Array)
#6 /home/dennis/Yii2-Project/yii2-advanced-api/vendor/yiisoft/yii2/base/Application.php(600): yii\di\ServiceLocator->get('assetManager')
#7 /home/dennis/Yii2-Project/yii2-advanced-api/vendor/yiisoft/yii2/web/View.php(223): yii\base\Application->getAssetManager()
#8 /home/dennis/Yii2-Project/yii2-advanced-api/vendor/yiisoft/yii2/base/Component.php(130): yii\web\View->getAssetManager()
#9 /home/dennis/Yii2-Project/yii2-advanced-api/vendor/yiisoft/yii2-debug/panels/AssetPanel.php(53): yii\base\Component->__get('assetManager')
#10 /home/dennis/Yii2-Project/yii2-advanced-api/vendor/yiisoft/yii2-debug/LogTarget.php(54): yii\debug\panels\AssetPanel->save()
#11 /home/dennis/Yii2-Project/yii2-advanced-api/vendor/yiisoft/yii2-debug/LogTarget.php(111): yii\debug\LogTarget->export()
#12 /home/dennis/Yii2-Project/yii2-advanced-api/vendor/yiisoft/yii2/log/Dispatcher.php(183): yii\debug\LogTarget->collect(Array, true)
#13 /home/dennis/Yii2-Project/yii2-advanced-api/vendor/yiisoft/yii2/log/Logger.php(173): yii\log\Dispatcher->dispatch(Array, true)
#14 [internal function]: yii\log\Logger->flush(true)
#15 {main}
2016-01-07 03:50:11 [127.0.0.1][-][-][info][application] $_COOKIE = [
    '__atuvc' => '1|50'
    '_ga' => 'GA1.1.1116168699.1451960796'
]

$_SERVER = [
    'REDIRECT_STATUS' => '200'
    'HTTP_HOST' => 'localhost'
    'HTTP_USER_AGENT' => 'Mozilla/5.0 (X11; Ubuntu; Linux x86_64; rv:40.0) Gecko/20100101 Firefox/40.0'
    'HTTP_ACCEPT' => 'text/html,application/xhtml+xml,application/xml;q=0.9,*/*;q=0.8'
    'HTTP_ACCEPT_LANGUAGE' => 'en-US,en;q=0.5'
    'HTTP_ACCEPT_ENCODING' => 'gzip, deflate'
    'HTTP_COOKIE' => '__atuvc=1%7C50; _ga=GA1.1.1116168699.1451960796'
    'HTTP_CONNECTION' => 'keep-alive'
    'HTTP_CACHE_CONTROL' => 'max-age=0'
    'PATH' => '/usr/local/sbin:/usr/local/bin:/usr/sbin:/usr/bin:/sbin:/bin'
    'SERVER_SIGNATURE' => '<address>Apache/2.4.16 (Ubuntu) Server at localhost Port 80</address>
'
    'SERVER_SOFTWARE' => 'Apache/2.4.16 (Ubuntu)'
    'SERVER_NAME' => 'localhost'
    'SERVER_ADDR' => '127.0.0.1'
    'SERVER_PORT' => '80'
    'REMOTE_ADDR' => '127.0.0.1'
    'DOCUMENT_ROOT' => '/var/www'
    'REQUEST_SCHEME' => 'http'
    'CONTEXT_PREFIX' => ''
    'CONTEXT_DOCUMENT_ROOT' => '/var/www'
    'SERVER_ADMIN' => 'webmaster@localhost'
    'SCRIPT_FILENAME' => '/var/www/yii2-advanced-api/api/web/index.php'
    'REMOTE_PORT' => '58190'
    'REDIRECT_URL' => '/yii2-advanced-api/api/web/v1/users'
    'GATEWAY_INTERFACE' => 'CGI/1.1'
    'SERVER_PROTOCOL' => 'HTTP/1.1'
    'REQUEST_METHOD' => 'GET'
    'QUERY_STRING' => ''
    'REQUEST_URI' => '/yii2-advanced-api/api/web/v1/users'
    'SCRIPT_NAME' => '/yii2-advanced-api/api/web/index.php'
    'PHP_SELF' => '/yii2-advanced-api/api/web/index.php'
    'REQUEST_TIME_FLOAT' => 1452138611.474
    'REQUEST_TIME' => 1452138611
]
2016-01-07 06:24:20 [127.0.0.1][-][-][warning][yii\log\Dispatcher::dispatch] Unable to send log via yii\debug\LogTarget: Exception (Invalid Configuration) 'yii\base\InvalidConfigException' with message 'The directory does not exist: /var/www/yii2-advanced-api/api/web/assets' 

in /home/dennis/Yii2-Project/yii2-advanced-api/vendor/yiisoft/yii2/web/AssetManager.php:211

Stack trace:
#0 /home/dennis/Yii2-Project/yii2-advanced-api/vendor/yiisoft/yii2/base/Object.php(107): yii\web\AssetManager->init()
#1 [internal function]: yii\base\Object->__construct(Array)
#2 /home/dennis/Yii2-Project/yii2-advanced-api/vendor/yiisoft/yii2/di/Container.php(366): ReflectionClass->newInstanceArgs(Array)
#3 /home/dennis/Yii2-Project/yii2-advanced-api/vendor/yiisoft/yii2/di/Container.php(151): yii\di\Container->build('yii\\web\\AssetMa...', Array, Array)
#4 /home/dennis/Yii2-Project/yii2-advanced-api/vendor/yiisoft/yii2/BaseYii.php(344): yii\di\Container->get('yii\\web\\AssetMa...', Array, Array)
#5 /home/dennis/Yii2-Project/yii2-advanced-api/vendor/yiisoft/yii2/di/ServiceLocator.php(133): yii\BaseYii::createObject(Array)
#6 /home/dennis/Yii2-Project/yii2-advanced-api/vendor/yiisoft/yii2/base/Application.php(600): yii\di\ServiceLocator->get('assetManager')
#7 /home/dennis/Yii2-Project/yii2-advanced-api/vendor/yiisoft/yii2/web/View.php(223): yii\base\Application->getAssetManager()
#8 /home/dennis/Yii2-Project/yii2-advanced-api/vendor/yiisoft/yii2/base/Component.php(130): yii\web\View->getAssetManager()
#9 /home/dennis/Yii2-Project/yii2-advanced-api/vendor/yiisoft/yii2-debug/panels/AssetPanel.php(53): yii\base\Component->__get('assetManager')
#10 /home/dennis/Yii2-Project/yii2-advanced-api/vendor/yiisoft/yii2-debug/LogTarget.php(54): yii\debug\panels\AssetPanel->save()
#11 /home/dennis/Yii2-Project/yii2-advanced-api/vendor/yiisoft/yii2-debug/LogTarget.php(111): yii\debug\LogTarget->export()
#12 /home/dennis/Yii2-Project/yii2-advanced-api/vendor/yiisoft/yii2/log/Dispatcher.php(183): yii\debug\LogTarget->collect(Array, true)
#13 /home/dennis/Yii2-Project/yii2-advanced-api/vendor/yiisoft/yii2/log/Logger.php(173): yii\log\Dispatcher->dispatch(Array, true)
#14 [internal function]: yii\log\Logger->flush(true)
#15 {main}
2016-01-07 06:24:20 [127.0.0.1][-][-][info][application] $_COOKIE = [
    '__atuvc' => '1|50'
    '_ga' => 'GA1.1.1116168699.1451960796'
]

$_SERVER = [
    'REDIRECT_STATUS' => '200'
    'HTTP_HOST' => 'localhost'
    'HTTP_USER_AGENT' => 'Mozilla/5.0 (X11; Ubuntu; Linux x86_64; rv:40.0) Gecko/20100101 Firefox/40.0'
    'HTTP_ACCEPT' => 'text/html,application/xhtml+xml,application/xml;q=0.9,*/*;q=0.8'
    'HTTP_ACCEPT_LANGUAGE' => 'en-US,en;q=0.5'
    'HTTP_ACCEPT_ENCODING' => 'gzip, deflate'
    'HTTP_COOKIE' => '__atuvc=1%7C50; _ga=GA1.1.1116168699.1451960796'
    'HTTP_CONNECTION' => 'keep-alive'
    'HTTP_CACHE_CONTROL' => 'max-age=0'
    'PATH' => '/usr/local/sbin:/usr/local/bin:/usr/sbin:/usr/bin:/sbin:/bin'
    'SERVER_SIGNATURE' => '<address>Apache/2.4.16 (Ubuntu) Server at localhost Port 80</address>
'
    'SERVER_SOFTWARE' => 'Apache/2.4.16 (Ubuntu)'
    'SERVER_NAME' => 'localhost'
    'SERVER_ADDR' => '127.0.0.1'
    'SERVER_PORT' => '80'
    'REMOTE_ADDR' => '127.0.0.1'
    'DOCUMENT_ROOT' => '/var/www'
    'REQUEST_SCHEME' => 'http'
    'CONTEXT_PREFIX' => ''
    'CONTEXT_DOCUMENT_ROOT' => '/var/www'
    'SERVER_ADMIN' => 'webmaster@localhost'
    'SCRIPT_FILENAME' => '/var/www/yii2-advanced-api/api/web/index.php'
    'REMOTE_PORT' => '33021'
    'REDIRECT_URL' => '/yii2-advanced-api/api/web/v1/users'
    'GATEWAY_INTERFACE' => 'CGI/1.1'
    'SERVER_PROTOCOL' => 'HTTP/1.1'
    'REQUEST_METHOD' => 'GET'
    'QUERY_STRING' => ''
    'REQUEST_URI' => '/yii2-advanced-api/api/web/v1/users'
    'SCRIPT_NAME' => '/yii2-advanced-api/api/web/index.php'
    'PHP_SELF' => '/yii2-advanced-api/api/web/index.php'
    'REQUEST_TIME_FLOAT' => 1452147860.458
    'REQUEST_TIME' => 1452147860
]
2016-01-13 02:07:07 [127.0.0.1][-][-][error][yii\web\HttpException:404] exception 'yii\web\NotFoundHttpException' with message 'Page not found.' in /home/dennis/Yii2-Project/yii2-advanced-api/vendor/yiisoft/yii2/web/Request.php:190
Stack trace:
#0 /home/dennis/Yii2-Project/yii2-advanced-api/vendor/yiisoft/yii2/web/Application.php(75): yii\web\Request->resolve()
#1 /home/dennis/Yii2-Project/yii2-advanced-api/vendor/yiisoft/yii2/base/Application.php(375): yii\web\Application->handleRequest(Object(yii\web\Request))
#2 /home/dennis/Yii2-Project/yii2-advanced-api/api/web/index.php(21): yii\base\Application->run()
#3 {main}
2016-01-13 02:07:07 [127.0.0.1][-][-][info][application] $_COOKIE = [
    '__atuvc' => '1|50'
    '_ga' => 'GA1.1.1116168699.1451960796'
    '__utma' => '111872281.1116168699.1451960796.1452329092.1452582800.3'
    '__utmz' => '111872281.1452324275.1.1.utmcsr=(direct)|utmccn=(direct)|utmcmd=(none)'
]

$_SERVER = [
    'HTTP_HOST' => 'localhost'
    'HTTP_USER_AGENT' => 'Mozilla/5.0 (X11; Ubuntu; Linux x86_64; rv:43.0) Gecko/20100101 Firefox/43.0'
    'HTTP_ACCEPT' => 'text/html,application/xhtml+xml,application/xml;q=0.9,*/*;q=0.8'
    'HTTP_ACCEPT_LANGUAGE' => 'en-US,en;q=0.5'
    'HTTP_ACCEPT_ENCODING' => 'gzip, deflate'
    'HTTP_REFERER' => 'http://localhost/yii2-advanced-api/api/'
    'HTTP_COOKIE' => '__atuvc=1%7C50; _ga=GA1.1.1116168699.1451960796; __utma=111872281.1116168699.1451960796.1452329092.1452582800.3; __utmz=111872281.1452324275.1.1.utmcsr=(direct)|utmccn=(direct)|utmcmd=(none)'
    'HTTP_CONNECTION' => 'keep-alive'
    'PATH' => '/usr/local/sbin:/usr/local/bin:/usr/sbin:/usr/bin:/sbin:/bin'
    'SERVER_SIGNATURE' => '<address>Apache/2.4.16 (Ubuntu) Server at localhost Port 80</address>
'
    'SERVER_SOFTWARE' => 'Apache/2.4.16 (Ubuntu)'
    'SERVER_NAME' => 'localhost'
    'SERVER_ADDR' => '127.0.0.1'
    'SERVER_PORT' => '80'
    'REMOTE_ADDR' => '127.0.0.1'
    'DOCUMENT_ROOT' => '/var/www/html'
    'REQUEST_SCHEME' => 'http'
    'CONTEXT_PREFIX' => ''
    'CONTEXT_DOCUMENT_ROOT' => '/var/www/html'
    'SERVER_ADMIN' => 'webmaster@localhost'
    'SCRIPT_FILENAME' => '/var/www/html/yii2-advanced-api/api/web/index.php'
    'REMOTE_PORT' => '54980'
    'GATEWAY_INTERFACE' => 'CGI/1.1'
    'SERVER_PROTOCOL' => 'HTTP/1.1'
    'REQUEST_METHOD' => 'GET'
    'QUERY_STRING' => ''
    'REQUEST_URI' => '/yii2-advanced-api/api/web/'
    'SCRIPT_NAME' => '/yii2-advanced-api/api/web/index.php'
    'PHP_SELF' => '/yii2-advanced-api/api/web/index.php'
    'REQUEST_TIME_FLOAT' => 1452650827.622
    'REQUEST_TIME' => 1452650827
]
2016-01-13 02:07:08 [127.0.0.1][-][-][warning][yii\log\Dispatcher::dispatch] Unable to send log via yii\debug\LogTarget: Exception (Invalid Configuration) 'yii\base\InvalidConfigException' with message 'The directory does not exist: /var/www/html/yii2-advanced-api/api/web/assets' 

in /home/dennis/Yii2-Project/yii2-advanced-api/vendor/yiisoft/yii2/web/AssetManager.php:211

Stack trace:
#0 /home/dennis/Yii2-Project/yii2-advanced-api/vendor/yiisoft/yii2/base/Object.php(107): yii\web\AssetManager->init()
#1 [internal function]: yii\base\Object->__construct(Array)
#2 /home/dennis/Yii2-Project/yii2-advanced-api/vendor/yiisoft/yii2/di/Container.php(366): ReflectionClass->newInstanceArgs(Array)
#3 /home/dennis/Yii2-Project/yii2-advanced-api/vendor/yiisoft/yii2/di/Container.php(151): yii\di\Container->build('yii\\web\\AssetMa...', Array, Array)
#4 /home/dennis/Yii2-Project/yii2-advanced-api/vendor/yiisoft/yii2/BaseYii.php(344): yii\di\Container->get('yii\\web\\AssetMa...', Array, Array)
#5 /home/dennis/Yii2-Project/yii2-advanced-api/vendor/yiisoft/yii2/di/ServiceLocator.php(133): yii\BaseYii::createObject(Array)
#6 /home/dennis/Yii2-Project/yii2-advanced-api/vendor/yiisoft/yii2/base/Application.php(600): yii\di\ServiceLocator->get('assetManager')
#7 /home/dennis/Yii2-Project/yii2-advanced-api/vendor/yiisoft/yii2/web/View.php(223): yii\base\Application->getAssetManager()
#8 /home/dennis/Yii2-Project/yii2-advanced-api/vendor/yiisoft/yii2/base/Component.php(130): yii\web\View->getAssetManager()
#9 /home/dennis/Yii2-Project/yii2-advanced-api/vendor/yiisoft/yii2-debug/panels/AssetPanel.php(53): yii\base\Component->__get('assetManager')
#10 /home/dennis/Yii2-Project/yii2-advanced-api/vendor/yiisoft/yii2-debug/LogTarget.php(54): yii\debug\panels\AssetPanel->save()
#11 /home/dennis/Yii2-Project/yii2-advanced-api/vendor/yiisoft/yii2-debug/LogTarget.php(111): yii\debug\LogTarget->export()
#12 /home/dennis/Yii2-Project/yii2-advanced-api/vendor/yiisoft/yii2/log/Dispatcher.php(183): yii\debug\LogTarget->collect(Array, true)
#13 /home/dennis/Yii2-Project/yii2-advanced-api/vendor/yiisoft/yii2/log/Logger.php(173): yii\log\Dispatcher->dispatch(Array, true)
#14 /home/dennis/Yii2-Project/yii2-advanced-api/vendor/yiisoft/yii2/base/ErrorHandler.php(111): yii\log\Logger->flush(true)
#15 [internal function]: yii\base\ErrorHandler->handleException(Object(yii\web\NotFoundHttpException))
#16 {main}
2016-01-13 02:07:07 [127.0.0.1][-][-][info][application] $_COOKIE = [
    '__atuvc' => '1|50'
    '_ga' => 'GA1.1.1116168699.1451960796'
    '__utma' => '111872281.1116168699.1451960796.1452329092.1452582800.3'
    '__utmz' => '111872281.1452324275.1.1.utmcsr=(direct)|utmccn=(direct)|utmcmd=(none)'
]

$_SERVER = [
    'HTTP_HOST' => 'localhost'
    'HTTP_USER_AGENT' => 'Mozilla/5.0 (X11; Ubuntu; Linux x86_64; rv:43.0) Gecko/20100101 Firefox/43.0'
    'HTTP_ACCEPT' => 'text/html,application/xhtml+xml,application/xml;q=0.9,*/*;q=0.8'
    'HTTP_ACCEPT_LANGUAGE' => 'en-US,en;q=0.5'
    'HTTP_ACCEPT_ENCODING' => 'gzip, deflate'
    'HTTP_REFERER' => 'http://localhost/yii2-advanced-api/api/'
    'HTTP_COOKIE' => '__atuvc=1%7C50; _ga=GA1.1.1116168699.1451960796; __utma=111872281.1116168699.1451960796.1452329092.1452582800.3; __utmz=111872281.1452324275.1.1.utmcsr=(direct)|utmccn=(direct)|utmcmd=(none)'
    'HTTP_CONNECTION' => 'keep-alive'
    'PATH' => '/usr/local/sbin:/usr/local/bin:/usr/sbin:/usr/bin:/sbin:/bin'
    'SERVER_SIGNATURE' => '<address>Apache/2.4.16 (Ubuntu) Server at localhost Port 80</address>
'
    'SERVER_SOFTWARE' => 'Apache/2.4.16 (Ubuntu)'
    'SERVER_NAME' => 'localhost'
    'SERVER_ADDR' => '127.0.0.1'
    'SERVER_PORT' => '80'
    'REMOTE_ADDR' => '127.0.0.1'
    'DOCUMENT_ROOT' => '/var/www/html'
    'REQUEST_SCHEME' => 'http'
    'CONTEXT_PREFIX' => ''
    'CONTEXT_DOCUMENT_ROOT' => '/var/www/html'
    'SERVER_ADMIN' => 'webmaster@localhost'
    'SCRIPT_FILENAME' => '/var/www/html/yii2-advanced-api/api/web/index.php'
    'REMOTE_PORT' => '54980'
    'GATEWAY_INTERFACE' => 'CGI/1.1'
    'SERVER_PROTOCOL' => 'HTTP/1.1'
    'REQUEST_METHOD' => 'GET'
    'QUERY_STRING' => ''
    'REQUEST_URI' => '/yii2-advanced-api/api/web/'
    'SCRIPT_NAME' => '/yii2-advanced-api/api/web/index.php'
    'PHP_SELF' => '/yii2-advanced-api/api/web/index.php'
    'REQUEST_TIME_FLOAT' => 1452650827.622
    'REQUEST_TIME' => 1452650827
]
2016-01-13 02:07:13 [127.0.0.1][-][-][error][yii\web\HttpException:404] exception 'yii\web\NotFoundHttpException' with message 'Page not found.' in /home/dennis/Yii2-Project/yii2-advanced-api/vendor/yiisoft/yii2/web/Request.php:190
Stack trace:
#0 /home/dennis/Yii2-Project/yii2-advanced-api/vendor/yiisoft/yii2/web/Application.php(75): yii\web\Request->resolve()
#1 /home/dennis/Yii2-Project/yii2-advanced-api/vendor/yiisoft/yii2/base/Application.php(375): yii\web\Application->handleRequest(Object(yii\web\Request))
#2 /home/dennis/Yii2-Project/yii2-advanced-api/api/web/index.php(21): yii\base\Application->run()
#3 {main}
2016-01-13 02:07:13 [127.0.0.1][-][-][info][application] $_COOKIE = [
    '__atuvc' => '1|50'
    '_ga' => 'GA1.1.1116168699.1451960796'
    '__utma' => '111872281.1116168699.1451960796.1452329092.1452582800.3'
    '__utmz' => '111872281.1452324275.1.1.utmcsr=(direct)|utmccn=(direct)|utmcmd=(none)'
]

$_SERVER = [
    'REDIRECT_STATUS' => '200'
    'HTTP_HOST' => 'localhost'
    'HTTP_USER_AGENT' => 'Mozilla/5.0 (X11; Ubuntu; Linux x86_64; rv:43.0) Gecko/20100101 Firefox/43.0'
    'HTTP_ACCEPT' => 'text/html,application/xhtml+xml,application/xml;q=0.9,*/*;q=0.8'
    'HTTP_ACCEPT_LANGUAGE' => 'en-US,en;q=0.5'
    'HTTP_ACCEPT_ENCODING' => 'gzip, deflate'
    'HTTP_COOKIE' => '__atuvc=1%7C50; _ga=GA1.1.1116168699.1451960796; __utma=111872281.1116168699.1451960796.1452329092.1452582800.3; __utmz=111872281.1452324275.1.1.utmcsr=(direct)|utmccn=(direct)|utmcmd=(none)'
    'HTTP_CONNECTION' => 'keep-alive'
    'PATH' => '/usr/local/sbin:/usr/local/bin:/usr/sbin:/usr/bin:/sbin:/bin'
    'SERVER_SIGNATURE' => '<address>Apache/2.4.16 (Ubuntu) Server at localhost Port 80</address>
'
    'SERVER_SOFTWARE' => 'Apache/2.4.16 (Ubuntu)'
    'SERVER_NAME' => 'localhost'
    'SERVER_ADDR' => '127.0.0.1'
    'SERVER_PORT' => '80'
    'REMOTE_ADDR' => '127.0.0.1'
    'DOCUMENT_ROOT' => '/var/www/html'
    'REQUEST_SCHEME' => 'http'
    'CONTEXT_PREFIX' => ''
    'CONTEXT_DOCUMENT_ROOT' => '/var/www/html'
    'SERVER_ADMIN' => 'webmaster@localhost'
    'SCRIPT_FILENAME' => '/var/www/html/yii2-advanced-api/api/web/index.php'
    'REMOTE_PORT' => '54982'
    'REDIRECT_URL' => '/yii2-advanced-api/api/web/countries'
    'GATEWAY_INTERFACE' => 'CGI/1.1'
    'SERVER_PROTOCOL' => 'HTTP/1.1'
    'REQUEST_METHOD' => 'GET'
    'QUERY_STRING' => ''
    'REQUEST_URI' => '/yii2-advanced-api/api/web/countries'
    'SCRIPT_NAME' => '/yii2-advanced-api/api/web/index.php'
    'PHP_SELF' => '/yii2-advanced-api/api/web/index.php'
    'REQUEST_TIME_FLOAT' => 1452650833.785
    'REQUEST_TIME' => 1452650833
]
2016-01-13 02:07:13 [127.0.0.1][-][-][warning][yii\log\Dispatcher::dispatch] Unable to send log via yii\debug\LogTarget: Exception (Invalid Configuration) 'yii\base\InvalidConfigException' with message 'The directory does not exist: /var/www/html/yii2-advanced-api/api/web/assets' 

in /home/dennis/Yii2-Project/yii2-advanced-api/vendor/yiisoft/yii2/web/AssetManager.php:211

Stack trace:
#0 /home/dennis/Yii2-Project/yii2-advanced-api/vendor/yiisoft/yii2/base/Object.php(107): yii\web\AssetManager->init()
#1 [internal function]: yii\base\Object->__construct(Array)
#2 /home/dennis/Yii2-Project/yii2-advanced-api/vendor/yiisoft/yii2/di/Container.php(366): ReflectionClass->newInstanceArgs(Array)
#3 /home/dennis/Yii2-Project/yii2-advanced-api/vendor/yiisoft/yii2/di/Container.php(151): yii\di\Container->build('yii\\web\\AssetMa...', Array, Array)
#4 /home/dennis/Yii2-Project/yii2-advanced-api/vendor/yiisoft/yii2/BaseYii.php(344): yii\di\Container->get('yii\\web\\AssetMa...', Array, Array)
#5 /home/dennis/Yii2-Project/yii2-advanced-api/vendor/yiisoft/yii2/di/ServiceLocator.php(133): yii\BaseYii::createObject(Array)
#6 /home/dennis/Yii2-Project/yii2-advanced-api/vendor/yiisoft/yii2/base/Application.php(600): yii\di\ServiceLocator->get('assetManager')
#7 /home/dennis/Yii2-Project/yii2-advanced-api/vendor/yiisoft/yii2/web/View.php(223): yii\base\Application->getAssetManager()
#8 /home/dennis/Yii2-Project/yii2-advanced-api/vendor/yiisoft/yii2/base/Component.php(130): yii\web\View->getAssetManager()
#9 /home/dennis/Yii2-Project/yii2-advanced-api/vendor/yiisoft/yii2-debug/panels/AssetPanel.php(53): yii\base\Component->__get('assetManager')
#10 /home/dennis/Yii2-Project/yii2-advanced-api/vendor/yiisoft/yii2-debug/LogTarget.php(54): yii\debug\panels\AssetPanel->save()
#11 /home/dennis/Yii2-Project/yii2-advanced-api/vendor/yiisoft/yii2-debug/LogTarget.php(111): yii\debug\LogTarget->export()
#12 /home/dennis/Yii2-Project/yii2-advanced-api/vendor/yiisoft/yii2/log/Dispatcher.php(183): yii\debug\LogTarget->collect(Array, true)
#13 /home/dennis/Yii2-Project/yii2-advanced-api/vendor/yiisoft/yii2/log/Logger.php(173): yii\log\Dispatcher->dispatch(Array, true)
#14 /home/dennis/Yii2-Project/yii2-advanced-api/vendor/yiisoft/yii2/base/ErrorHandler.php(111): yii\log\Logger->flush(true)
#15 [internal function]: yii\base\ErrorHandler->handleException(Object(yii\web\NotFoundHttpException))
#16 {main}
2016-01-13 02:07:13 [127.0.0.1][-][-][info][application] $_COOKIE = [
    '__atuvc' => '1|50'
    '_ga' => 'GA1.1.1116168699.1451960796'
    '__utma' => '111872281.1116168699.1451960796.1452329092.1452582800.3'
    '__utmz' => '111872281.1452324275.1.1.utmcsr=(direct)|utmccn=(direct)|utmcmd=(none)'
]

$_SERVER = [
    'REDIRECT_STATUS' => '200'
    'HTTP_HOST' => 'localhost'
    'HTTP_USER_AGENT' => 'Mozilla/5.0 (X11; Ubuntu; Linux x86_64; rv:43.0) Gecko/20100101 Firefox/43.0'
    'HTTP_ACCEPT' => 'text/html,application/xhtml+xml,application/xml;q=0.9,*/*;q=0.8'
    'HTTP_ACCEPT_LANGUAGE' => 'en-US,en;q=0.5'
    'HTTP_ACCEPT_ENCODING' => 'gzip, deflate'
    'HTTP_COOKIE' => '__atuvc=1%7C50; _ga=GA1.1.1116168699.1451960796; __utma=111872281.1116168699.1451960796.1452329092.1452582800.3; __utmz=111872281.1452324275.1.1.utmcsr=(direct)|utmccn=(direct)|utmcmd=(none)'
    'HTTP_CONNECTION' => 'keep-alive'
    'PATH' => '/usr/local/sbin:/usr/local/bin:/usr/sbin:/usr/bin:/sbin:/bin'
    'SERVER_SIGNATURE' => '<address>Apache/2.4.16 (Ubuntu) Server at localhost Port 80</address>
'
    'SERVER_SOFTWARE' => 'Apache/2.4.16 (Ubuntu)'
    'SERVER_NAME' => 'localhost'
    'SERVER_ADDR' => '127.0.0.1'
    'SERVER_PORT' => '80'
    'REMOTE_ADDR' => '127.0.0.1'
    'DOCUMENT_ROOT' => '/var/www/html'
    'REQUEST_SCHEME' => 'http'
    'CONTEXT_PREFIX' => ''
    'CONTEXT_DOCUMENT_ROOT' => '/var/www/html'
    'SERVER_ADMIN' => 'webmaster@localhost'
    'SCRIPT_FILENAME' => '/var/www/html/yii2-advanced-api/api/web/index.php'
    'REMOTE_PORT' => '54982'
    'REDIRECT_URL' => '/yii2-advanced-api/api/web/countries'
    'GATEWAY_INTERFACE' => 'CGI/1.1'
    'SERVER_PROTOCOL' => 'HTTP/1.1'
    'REQUEST_METHOD' => 'GET'
    'QUERY_STRING' => ''
    'REQUEST_URI' => '/yii2-advanced-api/api/web/countries'
    'SCRIPT_NAME' => '/yii2-advanced-api/api/web/index.php'
    'PHP_SELF' => '/yii2-advanced-api/api/web/index.php'
    'REQUEST_TIME_FLOAT' => 1452650833.785
    'REQUEST_TIME' => 1452650833
]
2016-01-13 02:07:22 [127.0.0.1][-][-][error][yii\web\HttpException:404] exception 'yii\web\NotFoundHttpException' with message 'Page not found.' in /home/dennis/Yii2-Project/yii2-advanced-api/vendor/yiisoft/yii2/web/Request.php:190
Stack trace:
#0 /home/dennis/Yii2-Project/yii2-advanced-api/vendor/yiisoft/yii2/web/Application.php(75): yii\web\Request->resolve()
#1 /home/dennis/Yii2-Project/yii2-advanced-api/vendor/yiisoft/yii2/base/Application.php(375): yii\web\Application->handleRequest(Object(yii\web\Request))
#2 /home/dennis/Yii2-Project/yii2-advanced-api/api/web/index.php(21): yii\base\Application->run()
#3 {main}
2016-01-13 02:07:22 [127.0.0.1][-][-][info][application] $_COOKIE = [
    '__atuvc' => '1|50'
    '_ga' => 'GA1.1.1116168699.1451960796'
    '__utma' => '111872281.1116168699.1451960796.1452329092.1452582800.3'
    '__utmz' => '111872281.1452324275.1.1.utmcsr=(direct)|utmccn=(direct)|utmcmd=(none)'
]

$_SERVER = [
    'REDIRECT_STATUS' => '200'
    'HTTP_HOST' => 'localhost'
    'HTTP_USER_AGENT' => 'Mozilla/5.0 (X11; Ubuntu; Linux x86_64; rv:43.0) Gecko/20100101 Firefox/43.0'
    'HTTP_ACCEPT' => 'text/html,application/xhtml+xml,application/xml;q=0.9,*/*;q=0.8'
    'HTTP_ACCEPT_LANGUAGE' => 'en-US,en;q=0.5'
    'HTTP_ACCEPT_ENCODING' => 'gzip, deflate'
    'HTTP_COOKIE' => '__atuvc=1%7C50; _ga=GA1.1.1116168699.1451960796; __utma=111872281.1116168699.1451960796.1452329092.1452582800.3; __utmz=111872281.1452324275.1.1.utmcsr=(direct)|utmccn=(direct)|utmcmd=(none)'
    'HTTP_CONNECTION' => 'keep-alive'
    'PATH' => '/usr/local/sbin:/usr/local/bin:/usr/sbin:/usr/bin:/sbin:/bin'
    'SERVER_SIGNATURE' => '<address>Apache/2.4.16 (Ubuntu) Server at localhost Port 80</address>
'
    'SERVER_SOFTWARE' => 'Apache/2.4.16 (Ubuntu)'
    'SERVER_NAME' => 'localhost'
    'SERVER_ADDR' => '127.0.0.1'
    'SERVER_PORT' => '80'
    'REMOTE_ADDR' => '127.0.0.1'
    'DOCUMENT_ROOT' => '/var/www/html'
    'REQUEST_SCHEME' => 'http'
    'CONTEXT_PREFIX' => ''
    'CONTEXT_DOCUMENT_ROOT' => '/var/www/html'
    'SERVER_ADMIN' => 'webmaster@localhost'
    'SCRIPT_FILENAME' => '/var/www/html/yii2-advanced-api/api/web/index.php'
    'REMOTE_PORT' => '54983'
    'REDIRECT_URL' => '/yii2-advanced-api/api/web/users'
    'GATEWAY_INTERFACE' => 'CGI/1.1'
    'SERVER_PROTOCOL' => 'HTTP/1.1'
    'REQUEST_METHOD' => 'GET'
    'QUERY_STRING' => ''
    'REQUEST_URI' => '/yii2-advanced-api/api/web/users'
    'SCRIPT_NAME' => '/yii2-advanced-api/api/web/index.php'
    'PHP_SELF' => '/yii2-advanced-api/api/web/index.php'
    'REQUEST_TIME_FLOAT' => 1452650842.748
    'REQUEST_TIME' => 1452650842
]
2016-01-13 02:07:22 [127.0.0.1][-][-][warning][yii\log\Dispatcher::dispatch] Unable to send log via yii\debug\LogTarget: Exception (Invalid Configuration) 'yii\base\InvalidConfigException' with message 'The directory does not exist: /var/www/html/yii2-advanced-api/api/web/assets' 

in /home/dennis/Yii2-Project/yii2-advanced-api/vendor/yiisoft/yii2/web/AssetManager.php:211

Stack trace:
#0 /home/dennis/Yii2-Project/yii2-advanced-api/vendor/yiisoft/yii2/base/Object.php(107): yii\web\AssetManager->init()
#1 [internal function]: yii\base\Object->__construct(Array)
#2 /home/dennis/Yii2-Project/yii2-advanced-api/vendor/yiisoft/yii2/di/Container.php(366): ReflectionClass->newInstanceArgs(Array)
#3 /home/dennis/Yii2-Project/yii2-advanced-api/vendor/yiisoft/yii2/di/Container.php(151): yii\di\Container->build('yii\\web\\AssetMa...', Array, Array)
#4 /home/dennis/Yii2-Project/yii2-advanced-api/vendor/yiisoft/yii2/BaseYii.php(344): yii\di\Container->get('yii\\web\\AssetMa...', Array, Array)
#5 /home/dennis/Yii2-Project/yii2-advanced-api/vendor/yiisoft/yii2/di/ServiceLocator.php(133): yii\BaseYii::createObject(Array)
#6 /home/dennis/Yii2-Project/yii2-advanced-api/vendor/yiisoft/yii2/base/Application.php(600): yii\di\ServiceLocator->get('assetManager')
#7 /home/dennis/Yii2-Project/yii2-advanced-api/vendor/yiisoft/yii2/web/View.php(223): yii\base\Application->getAssetManager()
#8 /home/dennis/Yii2-Project/yii2-advanced-api/vendor/yiisoft/yii2/base/Component.php(130): yii\web\View->getAssetManager()
#9 /home/dennis/Yii2-Project/yii2-advanced-api/vendor/yiisoft/yii2-debug/panels/AssetPanel.php(53): yii\base\Component->__get('assetManager')
#10 /home/dennis/Yii2-Project/yii2-advanced-api/vendor/yiisoft/yii2-debug/LogTarget.php(54): yii\debug\panels\AssetPanel->save()
#11 /home/dennis/Yii2-Project/yii2-advanced-api/vendor/yiisoft/yii2-debug/LogTarget.php(111): yii\debug\LogTarget->export()
#12 /home/dennis/Yii2-Project/yii2-advanced-api/vendor/yiisoft/yii2/log/Dispatcher.php(183): yii\debug\LogTarget->collect(Array, true)
#13 /home/dennis/Yii2-Project/yii2-advanced-api/vendor/yiisoft/yii2/log/Logger.php(173): yii\log\Dispatcher->dispatch(Array, true)
#14 /home/dennis/Yii2-Project/yii2-advanced-api/vendor/yiisoft/yii2/base/ErrorHandler.php(111): yii\log\Logger->flush(true)
#15 [internal function]: yii\base\ErrorHandler->handleException(Object(yii\web\NotFoundHttpException))
#16 {main}
2016-01-13 02:07:22 [127.0.0.1][-][-][info][application] $_COOKIE = [
    '__atuvc' => '1|50'
    '_ga' => 'GA1.1.1116168699.1451960796'
    '__utma' => '111872281.1116168699.1451960796.1452329092.1452582800.3'
    '__utmz' => '111872281.1452324275.1.1.utmcsr=(direct)|utmccn=(direct)|utmcmd=(none)'
]

$_SERVER = [
    'REDIRECT_STATUS' => '200'
    'HTTP_HOST' => 'localhost'
    'HTTP_USER_AGENT' => 'Mozilla/5.0 (X11; Ubuntu; Linux x86_64; rv:43.0) Gecko/20100101 Firefox/43.0'
    'HTTP_ACCEPT' => 'text/html,application/xhtml+xml,application/xml;q=0.9,*/*;q=0.8'
    'HTTP_ACCEPT_LANGUAGE' => 'en-US,en;q=0.5'
    'HTTP_ACCEPT_ENCODING' => 'gzip, deflate'
    'HTTP_COOKIE' => '__atuvc=1%7C50; _ga=GA1.1.1116168699.1451960796; __utma=111872281.1116168699.1451960796.1452329092.1452582800.3; __utmz=111872281.1452324275.1.1.utmcsr=(direct)|utmccn=(direct)|utmcmd=(none)'
    'HTTP_CONNECTION' => 'keep-alive'
    'PATH' => '/usr/local/sbin:/usr/local/bin:/usr/sbin:/usr/bin:/sbin:/bin'
    'SERVER_SIGNATURE' => '<address>Apache/2.4.16 (Ubuntu) Server at localhost Port 80</address>
'
    'SERVER_SOFTWARE' => 'Apache/2.4.16 (Ubuntu)'
    'SERVER_NAME' => 'localhost'
    'SERVER_ADDR' => '127.0.0.1'
    'SERVER_PORT' => '80'
    'REMOTE_ADDR' => '127.0.0.1'
    'DOCUMENT_ROOT' => '/var/www/html'
    'REQUEST_SCHEME' => 'http'
    'CONTEXT_PREFIX' => ''
    'CONTEXT_DOCUMENT_ROOT' => '/var/www/html'
    'SERVER_ADMIN' => 'webmaster@localhost'
    'SCRIPT_FILENAME' => '/var/www/html/yii2-advanced-api/api/web/index.php'
    'REMOTE_PORT' => '54983'
    'REDIRECT_URL' => '/yii2-advanced-api/api/web/users'
    'GATEWAY_INTERFACE' => 'CGI/1.1'
    'SERVER_PROTOCOL' => 'HTTP/1.1'
    'REQUEST_METHOD' => 'GET'
    'QUERY_STRING' => ''
    'REQUEST_URI' => '/yii2-advanced-api/api/web/users'
    'SCRIPT_NAME' => '/yii2-advanced-api/api/web/index.php'
    'PHP_SELF' => '/yii2-advanced-api/api/web/index.php'
    'REQUEST_TIME_FLOAT' => 1452650842.748
    'REQUEST_TIME' => 1452650842
]
